<component name="libraryTable">
  <library name="junit-4.111">
    <CLASSES>
      <root url="jar://$PROJECT_DIR$/../Java Bilbliotheken/junit-4.11.jar!/" />
    </CLASSES>
    <JAVADOC />
    <SOURCES />
  </library>
</component>